#
# A fatal error has been detected by the Java Runtime Environment:
#
#  SIGSEGV (0xb) at pc=0x0000000105945a72, pid=1834, tid=11779
#
# JRE version: Java(TM) SE Runtime Environment (10.0.1+10) (build 10.0.1+10)
# Java VM: Java HotSpot(TM) 64-Bit Server VM (10.0.1+10, mixed mode, tiered, compressed oops, g1 gc, bsd-amd64)
# Problematic frame:
# V  [libjvm.dylib+0x710a72]  SymbolTable::buckets_unlink(int, int, BasicHashtable<(MemoryType)9>::BucketUnlinkContext*)+0x34
#
# No core dump will be written. Core dumps have been disabled. To enable core dumping, try "ulimit -c unlimited" before starting Java again
#
# If you would like to submit a bug report, please visit:
#   http://bugreport.java.com/bugreport/crash.jsp
#

---------------  S U M M A R Y ------------

Command Line: -Dfile.encoding=UTF-8 com.workout.WorkoutTracker.WorkoutTrackerApplication

Host: MacBookAir7,2 x86_64 1600 MHz, 4 cores, 4G, Darwin 18.0.0
Time: Sat Nov 10 21:54:46 2018 EST elapsed time: 45273 seconds (0d 12h 34m 33s)

---------------  T H R E A D  ---------------

Current thread (0x00007f9b83821000):  GCTaskThread "GC Thread#1" [stack: 0x000070000fc40000,0x000070000fd40000] [id=11779]

Stack: [0x000070000fc40000,0x000070000fd40000],  sp=0x000070000fd3fda0,  free space=1023k
Native frames: (J=compiled Java code, A=aot compiled Java code, j=interpreted, Vv=VM code, C=native code)
V  [libjvm.dylib+0x710a72]  SymbolTable::buckets_unlink(int, int, BasicHashtable<(MemoryType)9>::BucketUnlinkContext*)+0x34
V  [libjvm.dylib+0x710ba1]  SymbolTable::possibly_parallel_unlink(int*, int*)+0x59
V  [libjvm.dylib+0x32350d]  G1StringAndSymbolCleaningTask::work(unsigned int)+0x6f
V  [libjvm.dylib+0x32364a]  G1ParallelCleaningTask::work(unsigned int)+0x36
V  [libjvm.dylib+0x7be4c1]  GangWorker::loop()+0x43
V  [libjvm.dylib+0x633a5f]  thread_native_entry(Thread*)+0x12b
C  [libsystem_pthread.dylib+0x333d]  _pthread_body+0x7e
C  [libsystem_pthread.dylib+0x62a7]  _pthread_start+0x46
C  [libsystem_pthread.dylib+0x2425]  thread_start+0xd


siginfo: si_signo: 11 (SIGSEGV), si_code: 1 (SEGV_MAPERR), si_addr: 0x0000000000000048

Register to memory mapping:

RAX=0x000000010c0b9000 is an unknown value
RBX=0x0000000000000040 is an unknown value
RCX=0x0000000000000000 is an unknown value
RDX=0x000070000fd3fde0 is an unknown value
RSP=0x000070000fd3fda0 is an unknown value
RBP=0x000070000fd3fdd0 is an unknown value
RSI=0x0000000000004ac0 is an unknown value
RDI=0x000000010c0f4c30 is an unknown value
R8 =0x000000000000001b is an unknown value
R9 =0x0000000000000000 is an unknown value
R10=0x000000000000001c is an unknown value
R11=0x000000000000001c is an unknown value
R12=0x0000000000004aa9 is an unknown value
R13=0x00007f9b83053938 is an unknown value
R14=0x0000000000004ac0 is an unknown value
R15=0x000070000fd3fde0 is an unknown value


Registers:
RAX=0x000000010c0b9000, RBX=0x0000000000000040, RCX=0x0000000000000000, RDX=0x000070000fd3fde0
RSP=0x000070000fd3fda0, RBP=0x000070000fd3fdd0, RSI=0x0000000000004ac0, RDI=0x000000010c0f4c30
R8 =0x000000000000001b, R9 =0x0000000000000000, R10=0x000000000000001c, R11=0x000000000000001c
R12=0x0000000000004aa9, R13=0x00007f9b83053938, R14=0x0000000000004ac0, R15=0x000070000fd3fde0
RIP=0x0000000105945a72, EFLAGS=0x0000000000010202, ERR=0x0000000000000004
  TRAPNO=0x000000000000000e

Top of Stack: (sp=0x000070000fd3fda0)
0x000070000fd3fda0:   000000010c0b9000 0000000000004e2b
0x000070000fd3fdb0:   000070000fd3fde0 0000000105bf54b0
0x000070000fd3fdc0:   000070000fd3fe30 000070000fd3fe34
0x000070000fd3fdd0:   000070000fd3fe20 0000000105945ba1
0x000070000fd3fde0:   0000004d0000dd3d 00007f9b892f0548
0x000070000fd3fdf0:   00007f9b83b794e0 000070001075d338
0x000070000fd3fe00:   0000000000000003 0000000000000000
0x000070000fd3fe10:   0000000000000003 000070001075d3b0
0x000070000fd3fe20:   000070000fd3fe50 000000010555850d
0x000070000fd3fe30:   0000000000000000 00003aa900000641
0x000070000fd3fe40:   000070001075d320 0000000000000003
0x000070000fd3fe50:   000070000fd3fe80 000000010555864a
0x000070000fd3fe60:   0000000105b90390 000070001075d320
0x000070000fd3fe70:   000070000fd3fe98 00007f9b83821000
0x000070000fd3fe80:   000070000fd3fec0 00000001059f34c1
0x000070000fd3fe90:   00007f9b83821000 00007f9b0000003e
0x000070000fd3fea0:   00007f9b82c14b40 00007f9b82c14bb0
0x000070000fd3feb0:   00007f9b83821000 000000000002faab
0x000070000fd3fec0:   000070000fd3ff10 0000000105868a5f
0x000070000fd3fed0:   0000000600000000 000000000002faab
0x000070000fd3fee0:   000070000fd400e0 000070000fd40180
0x000070000fd3fef0:   000070000fd40000 0000000000000000
0x000070000fd3ff00:   0000000000000000 0000000000000000
0x000070000fd3ff10:   000070000fd3ff30 00007fff61d2233d
0x000070000fd3ff20:   0000000000000000 000070000fd40000
0x000070000fd3ff30:   000070000fd3ff50 00007fff61d252a7
0x000070000fd3ff40:   0000000000000000 0000000000000000
0x000070000fd3ff50:   000070000fd3ff78 00007fff61d21425
0x000070000fd3ff60:   0000000000000000 0000000000000000
0x000070000fd3ff70:   0000000000000000 0000000000000000
0x000070000fd3ff80:   0000000000000000 0000000000000000
0x000070000fd3ff90:   0000000000000000 0000000000000000 

Instructions: (pc=0x0000000105945a72)
0x0000000105945a52:   44 39 f7 7d 75 4c 63 e7 48 8b 05 07 fa 2a 00 48
0x0000000105945a62:   8b 40 08 4a 8b 1c e0 48 85 db 74 56 4e 8d 2c e0
0x0000000105945a72:   f6 43 08 01 74 0a 8b 05 42 a6 25 00 85 c0 74 42
0x0000000105945a82:   48 8b 7b 10 41 ff 07 66 83 7f 02 00 74 09 48 83 


---------------  P R O C E S S  ---------------

Threads class SMR info:
_java_thread_list=0x00007f9b82f994a0, length=14, elements={
0x00007f9b84005800, 0x00007f9b8480f000, 0x00007f9b8308a000, 0x00007f9b83830800,
0x00007f9b83831800, 0x00007f9b83832000, 0x00007f9b84013000, 0x00007f9b8401e000,
0x00007f9b8383d000, 0x00007f9b8321d000, 0x00007f9b867dc800, 0x00007f9b83b75800,
0x00007f9b89b38800, 0x00007f9b84f71000
}

Java Threads: ( => current thread )
  0x00007f9b84005800 JavaThread "Reference Handler" daemon [_thread_blocked, id=15619, stack(0x0000700010761000,0x0000700010861000)]
  0x00007f9b8480f000 JavaThread "Finalizer" daemon [_thread_blocked, id=17923, stack(0x0000700010864000,0x0000700010964000)]
  0x00007f9b8308a000 JavaThread "Signal Dispatcher" daemon [_thread_blocked, id=22531, stack(0x0000700010967000,0x0000700010a67000)]
  0x00007f9b83830800 JavaThread "C2 CompilerThread0" daemon [_thread_blocked, id=42499, stack(0x0000700010a6a000,0x0000700010b6a000)]
  0x00007f9b83831800 JavaThread "C2 CompilerThread1" daemon [_thread_blocked, id=41731, stack(0x0000700010b6d000,0x0000700010c6d000)]
  0x00007f9b83832000 JavaThread "C1 CompilerThread2" daemon [_thread_blocked, id=40963, stack(0x0000700010c70000,0x0000700010d70000)]
  0x00007f9b84013000 JavaThread "Sweeper thread" daemon [_thread_blocked, id=23043, stack(0x0000700010d73000,0x0000700010e73000)]
  0x00007f9b8401e000 JavaThread "Service Thread" daemon [_thread_blocked, id=23811, stack(0x0000700010e76000,0x0000700010f76000)]
  0x00007f9b8383d000 JavaThread "Common-Cleaner" daemon [_thread_blocked, id=24323, stack(0x0000700010f79000,0x0000700011079000)]
  0x00007f9b8321d000 JavaThread "Abandoned connection cleanup thread" daemon [_thread_blocked, id=37635, stack(0x0000700011791000,0x0000700011891000)]
  0x00007f9b867dc800 JavaThread "Live Reload Server" daemon [_thread_in_native, id=28935, stack(0x0000700011b9d000,0x0000700011c9d000)]
  0x00007f9b83b75800 JavaThread "DestroyJavaVM" [_thread_blocked, id=9219, stack(0x000070000fa3a000,0x000070000fb3a000)]
  0x00007f9b89b38800 JavaThread "http-nio-8080-AsyncTimeout" daemon [_thread_blocked, id=26427, stack(0x0000700012aca000,0x0000700012bca000)]
  0x00007f9b84f71000 JavaThread "Thread-57" [_thread_blocked, id=32015, stack(0x000070001117f000,0x000070001127f000)]

Other Threads:
  0x00007f9b83063000 VMThread "VM Thread" [stack: 0x000070001065e000,0x000070001075e000] [id=15363]
  0x00007f9b8480e000 WatcherThread [stack: 0x000070001107c000,0x000070001117c000] [id=24579]
  0x00007f9b83820000 GCTaskThread "GC Thread#0" [stack: 0x000070000fb3d000,0x000070000fc3d000] [id=11523]
=>0x00007f9b83821000 GCTaskThread "GC Thread#1" [stack: 0x000070000fc40000,0x000070000fd40000] [id=11779]
  0x00007f9b83821800 GCTaskThread "GC Thread#2" [stack: 0x000070000fd43000,0x000070000fe43000] [id=20483]
  0x00007f9b8380a000 GCTaskThread "GC Thread#3" [stack: 0x000070000fe46000,0x000070000ff46000] [id=12291]
  0x00007f9b8382d800 ConcurrentGCThread "G1 Main Marker" [stack: 0x000070000ff49000,0x0000700010049000] [id=19971]
  0x00007f9b8480a000 ConcurrentGCThread "G1 Conc#0" [stack: 0x000070001004c000,0x000070001014c000] [id=19715]
  0x00007f9b8302c800 ConcurrentGCThread "G1 Refine#0" [stack: 0x000070001014f000,0x000070001024f000] [id=19459]
  0x00007f9b8302d800 ConcurrentGCThread "G1 Refine#1" [stack: 0x0000700010252000,0x0000700010352000] [id=13827]
  0x00007f9b8302e000 ConcurrentGCThread "G1 Refine#2" [stack: 0x0000700010355000,0x0000700010455000] [id=14339]
  0x00007f9b8302f000 ConcurrentGCThread "G1 Refine#3" [stack: 0x0000700010458000,0x0000700010558000] [id=14851]
  0x00007f9b8302f800 ConcurrentGCThread "G1 Young RemSet Sampling" [stack: 0x000070001055b000,0x000070001065b000] [id=19203]

Threads with active compile tasks:

VM state:at safepoint (normal execution)

VM Mutex/Monitor currently owned by a thread:  ([mutex/lock_event])
[0x00007f9b82c0cfd0] Threads_lock - owner thread: 0x00007f9b83063000
[0x00007f9b82c0d4d0] Heap_lock - owner thread: 0x00007f9b84f71000

Heap address: 0x0000000780000000, size: 1024 MB, Compressed Oops mode: Zero based, Oop shift amount: 3
Narrow klass base: 0x0000000000000000, Narrow klass shift: 3
Compressed class space size: 1073741824 Address: 0x00000007c0000000

Heap:
 garbage-first heap   total 109568K, used 77787K [0x0000000780000000, 0x00000007c0000000)
  region size 1024K, 41 young (41984K), 3 survivors (3072K)
 Metaspace       used 79828K, capacity 81776K, committed 82508K, reserved 1122304K
  class space    used 8526K, capacity 9293K, committed 9548K, reserved 1048576K
Heap Regions: E=young(eden), S=young(survivor), O=old, HS=humongous(starts), HC=humongous(continues), CS=collection set, F=free, A=archive, TS=gc time stamp, AC=allocation context, TAMS=top-at-mark-start (previous, next)
|   0|0x0000000780000000, 0x00000007800fffe8, 0x0000000780100000| 99%| O|  |TS  0|AC  0|TAMS 0x0000000780000000, 0x0000000780000000|
|   1|0x0000000780100000, 0x00000007801fab20, 0x0000000780200000| 97%| O|  |TS  0|AC  0|TAMS 0x0000000780100000, 0x0000000780100000|
|   2|0x0000000780200000, 0x00000007802ffff0, 0x0000000780300000| 99%| O|  |TS  0|AC  0|TAMS 0x0000000780200000, 0x0000000780200000|
|   3|0x0000000780300000, 0x00000007803ffff0, 0x0000000780400000| 99%| O|  |TS  0|AC  0|TAMS 0x0000000780300000, 0x0000000780300000|
|   4|0x0000000780400000, 0x0000000780500000, 0x0000000780500000|100%| O|  |TS  0|AC  0|TAMS 0x0000000780400000, 0x0000000780400000|
|   5|0x0000000780500000, 0x00000007805ffff0, 0x0000000780600000| 99%| O|  |TS  0|AC  0|TAMS 0x0000000780500000, 0x0000000780500000|
|   6|0x0000000780600000, 0x00000007806fffd8, 0x0000000780700000| 99%| O|  |TS  0|AC  0|TAMS 0x0000000780600000, 0x0000000780600000|
|   7|0x0000000780700000, 0x00000007807ffff0, 0x0000000780800000| 99%| O|  |TS  0|AC  0|TAMS 0x0000000780700000, 0x0000000780700000|
|   8|0x0000000780800000, 0x00000007808ffec0, 0x0000000780900000| 99%| O|  |TS  0|AC  0|TAMS 0x0000000780800000, 0x0000000780800000|
|   9|0x0000000780900000, 0x00000007809fc2d8, 0x0000000780a00000| 98%| O|  |TS  0|AC  0|TAMS 0x0000000780900000, 0x0000000780900000|
|  10|0x0000000780a00000, 0x0000000780afffe8, 0x0000000780b00000| 99%| O|  |TS  0|AC  0|TAMS 0x0000000780a00000, 0x0000000780a00000|
|  11|0x0000000780b00000, 0x0000000780c00000, 0x0000000780c00000|100%| O|  |TS  0|AC  0|TAMS 0x0000000780b00000, 0x0000000780b00000|
|  12|0x0000000780c00000, 0x0000000780cffff8, 0x0000000780d00000| 99%| O|  |TS  0|AC  0|TAMS 0x0000000780c00000, 0x0000000780c00000|
|  13|0x0000000780d00000, 0x0000000780dee298, 0x0000000780e00000| 93%| O|  |TS  0|AC  0|TAMS 0x0000000780d00000, 0x0000000780d00000|
|  14|0x0000000780e00000, 0x0000000780efffc8, 0x0000000780f00000| 99%| O|  |TS  0|AC  0|TAMS 0x0000000780e00000, 0x0000000780e00000|
|  15|0x0000000780f00000, 0x0000000780ffff00, 0x0000000781000000| 99%| O|  |TS  0|AC  0|TAMS 0x0000000780f00000, 0x0000000780f00000|
|  16|0x0000000781000000, 0x00000007810ffff0, 0x0000000781100000| 99%| O|  |TS  0|AC  0|TAMS 0x0000000781000000, 0x0000000781000000|
|  17|0x0000000781100000, 0x0000000781200000, 0x0000000781200000|100%| O|  |TS  0|AC  0|TAMS 0x0000000781100000, 0x0000000781100000|
|  18|0x0000000781200000, 0x0000000781300000, 0x0000000781300000|100%| O|  |TS  0|AC  0|TAMS 0x0000000781200000, 0x0000000781200000|
|  19|0x0000000781300000, 0x00000007813ffff0, 0x0000000781400000| 99%| O|  |TS  0|AC  0|TAMS 0x0000000781300000, 0x0000000781300000|
|  20|0x0000000781400000, 0x00000007814ffff0, 0x0000000781500000| 99%| O|  |TS  0|AC  0|TAMS 0x0000000781400000, 0x0000000781400000|
|  21|0x0000000781500000, 0x00000007815ffff0, 0x0000000781600000| 99%| O|  |TS  0|AC  0|TAMS 0x0000000781500000, 0x0000000781500000|
|  22|0x0000000781600000, 0x00000007816ffff0, 0x0000000781700000| 99%| O|  |TS  0|AC  0|TAMS 0x0000000781600000, 0x0000000781600000|
|  23|0x0000000781700000, 0x00000007817ffff8, 0x0000000781800000| 99%| O|  |TS  0|AC  0|TAMS 0x0000000781700000, 0x0000000781700000|
|  24|0x0000000781800000, 0x00000007818fffd0, 0x0000000781900000| 99%| O|  |TS  0|AC  0|TAMS 0x0000000781800000, 0x0000000781800000|
|  25|0x0000000781900000, 0x00000007819fadc8, 0x0000000781a00000| 97%| O|  |TS  0|AC  0|TAMS 0x0000000781900000, 0x0000000781900000|
|  26|0x0000000781a00000, 0x0000000781afffb8, 0x0000000781b00000| 99%| O|  |TS  0|AC  0|TAMS 0x0000000781a00000, 0x0000000781a00000|
|  27|0x0000000781b00000, 0x0000000781bfffc0, 0x0000000781c00000| 99%| O|  |TS  0|AC  0|TAMS 0x0000000781b00000, 0x0000000781b00000|
|  28|0x0000000781c00000, 0x0000000781cffff0, 0x0000000781d00000| 99%| O|  |TS  0|AC  0|TAMS 0x0000000781c00000, 0x0000000781c00000|
|  29|0x0000000781d00000, 0x0000000781dff9f8, 0x0000000781e00000| 99%| O|  |TS  0|AC  0|TAMS 0x0000000781d00000, 0x0000000781d00000|
|  30|0x0000000781e00000, 0x0000000781ef9998, 0x0000000781f00000| 97%| O|  |TS  0|AC  0|TAMS 0x0000000781e00000, 0x0000000781e00000|
|  31|0x0000000781f00000, 0x0000000781fffc50, 0x0000000782000000| 99%| O|  |TS  0|AC  0|TAMS 0x0000000781f00000, 0x0000000781f00000|
|  32|0x0000000782000000, 0x00000007820820a8, 0x0000000782100000| 50%| O|  |TS  0|AC  0|TAMS 0x0000000782000000, 0x0000000782000000|
|  33|0x0000000782100000, 0x0000000782200000, 0x0000000782200000|100%| O|  |TS  3|AC  0|TAMS 0x0000000782100000, 0x0000000782100000|
|  34|0x0000000782200000, 0x0000000782300000, 0x0000000782300000|100%| O|  |TS  4|AC  0|TAMS 0x0000000782200000, 0x0000000782200000|
|  35|0x0000000782300000, 0x0000000782400000, 0x0000000782400000|100%| O|  |TS  4|AC  0|TAMS 0x0000000782300000, 0x0000000782300000|
|  36|0x0000000782400000, 0x0000000782489c00, 0x0000000782500000| 53%| O|  |TS 12|AC  0|TAMS 0x0000000782400000, 0x0000000782400000|
|  37|0x0000000782500000, 0x0000000782500000, 0x0000000782600000|  0%| F|  |TS  0|AC  0|TAMS 0x0000000782500000, 0x0000000782500000|
|  38|0x0000000782600000, 0x0000000782600000, 0x0000000782700000|  0%| F|  |TS  0|AC  0|TAMS 0x0000000782600000, 0x0000000782600000|
|  39|0x0000000782700000, 0x0000000782700000, 0x0000000782800000|  0%| F|  |TS  0|AC  0|TAMS 0x0000000782700000, 0x0000000782700000|
|  40|0x0000000782800000, 0x0000000782800000, 0x0000000782900000|  0%| F|  |TS  0|AC  0|TAMS 0x0000000782800000, 0x0000000782800000|
|  41|0x0000000782900000, 0x0000000782900000, 0x0000000782a00000|  0%| F|  |TS  0|AC  0|TAMS 0x0000000782900000, 0x0000000782900000|
|  42|0x0000000782a00000, 0x0000000782a00000, 0x0000000782b00000|  0%| F|  |TS  0|AC  0|TAMS 0x0000000782a00000, 0x0000000782a00000|
|  43|0x0000000782b00000, 0x0000000782b00000, 0x0000000782c00000|  0%| F|  |TS  0|AC  0|TAMS 0x0000000782b00000, 0x0000000782b00000|
|  44|0x0000000782c00000, 0x0000000782c00000, 0x0000000782d00000|  0%| F|  |TS  0|AC  0|TAMS 0x0000000782c00000, 0x0000000782c00000|
|  45|0x0000000782d00000, 0x0000000782d00000, 0x0000000782e00000|  0%| F|  |TS  0|AC  0|TAMS 0x0000000782d00000, 0x0000000782d00000|
|  46|0x0000000782e00000, 0x0000000782e00000, 0x0000000782f00000|  0%| F|  |TS  3|AC  0|TAMS 0x0000000782e00000, 0x0000000782e00000|
|  47|0x0000000782f00000, 0x0000000782f00000, 0x0000000783000000|  0%| F|  |TS  3|AC  0|TAMS 0x0000000782f00000, 0x0000000782f00000|
|  48|0x0000000783000000, 0x0000000783000000, 0x0000000783100000|  0%| F|  |TS  3|AC  0|TAMS 0x0000000783000000, 0x0000000783000000|
|  49|0x0000000783100000, 0x0000000783100000, 0x0000000783200000|  0%| F|  |TS  3|AC  0|TAMS 0x0000000783100000, 0x0000000783100000|
|  50|0x0000000783200000, 0x0000000783200000, 0x0000000783300000|  0%| F|  |TS 12|AC  0|TAMS 0x0000000783200000, 0x0000000783200000|
|  51|0x0000000783300000, 0x00000007833830d0, 0x0000000783400000| 51%| S|  |TS 12|AC  0|TAMS 0x0000000783300000, 0x0000000783300000|
|  52|0x0000000783400000, 0x0000000783400000, 0x0000000783500000|  0%| F|  |TS 12|AC  0|TAMS 0x0000000783400000, 0x0000000783400000|
|  53|0x0000000783500000, 0x0000000783600000, 0x0000000783600000|100%| S|  |TS 12|AC  0|TAMS 0x0000000783500000, 0x0000000783500000|
|  54|0x0000000783600000, 0x0000000783700000, 0x0000000783700000|100%| S|  |TS 12|AC  0|TAMS 0x0000000783600000, 0x0000000783600000|
|  55|0x0000000783700000, 0x0000000783727600, 0x0000000783800000| 15%| O|  |TS  0|AC  0|TAMS 0x0000000783700000, 0x0000000783700000|
|  56|0x0000000783800000, 0x0000000783800000, 0x0000000783900000|  0%| F|  |TS 12|AC  0|TAMS 0x0000000783800000, 0x0000000783800000|
|  57|0x0000000783900000, 0x0000000783900000, 0x0000000783a00000|  0%| F|  |TS 12|AC  0|TAMS 0x0000000783900000, 0x0000000783900000|
|  58|0x0000000783a00000, 0x0000000783a00000, 0x0000000783b00000|  0%| F|  |TS 12|AC  0|TAMS 0x0000000783a00000, 0x0000000783a00000|
|  59|0x0000000783b00000, 0x0000000783b00000, 0x0000000783c00000|  0%| F|  |TS 12|AC  0|TAMS 0x0000000783b00000, 0x0000000783b00000|
|  60|0x0000000783c00000, 0x0000000783c00000, 0x0000000783d00000|  0%| F|  |TS 12|AC  0|TAMS 0x0000000783c00000, 0x0000000783c00000|
|  61|0x0000000783d00000, 0x0000000783d00000, 0x0000000783e00000|  0%| F|  |TS 12|AC  0|TAMS 0x0000000783d00000, 0x0000000783d00000|
|  62|0x0000000783e00000, 0x0000000783e00000, 0x0000000783f00000|  0%| F|  |TS 12|AC  0|TAMS 0x0000000783e00000, 0x0000000783e00000|
|  63|0x0000000783f00000, 0x0000000783f00000, 0x0000000784000000|  0%| F|  |TS 12|AC  0|TAMS 0x0000000783f00000, 0x0000000783f00000|
|  64|0x0000000784000000, 0x0000000784000000, 0x0000000784100000|  0%| F|  |TS 12|AC  0|TAMS 0x0000000784000000, 0x0000000784000000|
|  65|0x0000000784100000, 0x0000000784100000, 0x0000000784200000|  0%| F|  |TS 12|AC  0|TAMS 0x0000000784100000, 0x0000000784100000|
|  66|0x0000000784200000, 0x0000000784200000, 0x0000000784300000|  0%| F|  |TS 12|AC  0|TAMS 0x0000000784200000, 0x0000000784200000|
|  67|0x0000000784300000, 0x0000000784300000, 0x0000000784400000|  0%| F|  |TS 12|AC  0|TAMS 0x0000000784300000, 0x0000000784300000|
|  68|0x0000000784400000, 0x0000000784400000, 0x0000000784500000|  0%| F|  |TS 12|AC  0|TAMS 0x0000000784400000, 0x0000000784400000|
|  69|0x0000000784500000, 0x0000000784567fa8, 0x0000000784600000| 40%| E|  |TS 12|AC  0|TAMS 0x0000000784500000, 0x0000000784500000|
|  70|0x0000000784600000, 0x0000000784700000, 0x0000000784700000|100%| E|  |TS 12|AC  0|TAMS 0x0000000784600000, 0x0000000784600000|
|  71|0x0000000784700000, 0x0000000784800000, 0x0000000784800000|100%| E|  |TS 12|AC  0|TAMS 0x0000000784700000, 0x0000000784700000|
|  72|0x0000000784800000, 0x0000000784900000, 0x0000000784900000|100%| E|  |TS 12|AC  0|TAMS 0x0000000784800000, 0x0000000784800000|
|  73|0x0000000784900000, 0x0000000784a00000, 0x0000000784a00000|100%| E|  |TS 12|AC  0|TAMS 0x0000000784900000, 0x0000000784900000|
|  74|0x0000000784a00000, 0x0000000784b00000, 0x0000000784b00000|100%| E|  |TS 12|AC  0|TAMS 0x0000000784a00000, 0x0000000784a00000|
|  75|0x0000000784b00000, 0x0000000784c00000, 0x0000000784c00000|100%| E|  |TS 12|AC  0|TAMS 0x0000000784b00000, 0x0000000784b00000|
|  76|0x0000000784c00000, 0x0000000784d00000, 0x0000000784d00000|100%| E|  |TS 12|AC  0|TAMS 0x0000000784c00000, 0x0000000784c00000|
|  77|0x0000000784d00000, 0x0000000784e00000, 0x0000000784e00000|100%| E|  |TS 12|AC  0|TAMS 0x0000000784d00000, 0x0000000784d00000|
|  78|0x0000000784e00000, 0x0000000784f00000, 0x0000000784f00000|100%| E|  |TS 12|AC  0|TAMS 0x0000000784e00000, 0x0000000784e00000|
|  79|0x0000000784f00000, 0x0000000785000000, 0x0000000785000000|100%| E|  |TS 12|AC  0|TAMS 0x0000000784f00000, 0x0000000784f00000|
|  80|0x0000000785000000, 0x0000000785100000, 0x0000000785100000|100%| E|  |TS 12|AC  0|TAMS 0x0000000785000000, 0x0000000785000000|
|  81|0x0000000785100000, 0x0000000785200000, 0x0000000785200000|100%| E|  |TS 12|AC  0|TAMS 0x0000000785100000, 0x0000000785100000|
|  82|0x0000000785200000, 0x0000000785300000, 0x0000000785300000|100%| E|  |TS 12|AC  0|TAMS 0x0000000785200000, 0x0000000785200000|
|  83|0x0000000785300000, 0x0000000785400000, 0x0000000785400000|100%| E|  |TS 12|AC  0|TAMS 0x0000000785300000, 0x0000000785300000|
|  84|0x0000000785400000, 0x0000000785500000, 0x0000000785500000|100%| E|  |TS 12|AC  0|TAMS 0x0000000785400000, 0x0000000785400000|
|  85|0x0000000785500000, 0x0000000785600000, 0x0000000785600000|100%| E|  |TS 12|AC  0|TAMS 0x0000000785500000, 0x0000000785500000|
|  86|0x0000000785600000, 0x0000000785700000, 0x0000000785700000|100%| E|  |TS 12|AC  0|TAMS 0x0000000785600000, 0x0000000785600000|
|  87|0x0000000785700000, 0x0000000785800000, 0x0000000785800000|100%| E|  |TS 12|AC  0|TAMS 0x0000000785700000, 0x0000000785700000|
|  88|0x0000000785800000, 0x0000000785900000, 0x0000000785900000|100%| E|  |TS 12|AC  0|TAMS 0x0000000785800000, 0x0000000785800000|
|  89|0x0000000785900000, 0x0000000785a00000, 0x0000000785a00000|100%| E|  |TS 12|AC  0|TAMS 0x0000000785900000, 0x0000000785900000|
|  90|0x0000000785a00000, 0x0000000785b00000, 0x0000000785b00000|100%| E|  |TS 12|AC  0|TAMS 0x0000000785a00000, 0x0000000785a00000|
|  91|0x0000000785b00000, 0x0000000785c00000, 0x0000000785c00000|100%| E|  |TS 12|AC  0|TAMS 0x0000000785b00000, 0x0000000785b00000|
|  92|0x0000000785c00000, 0x0000000785d00000, 0x0000000785d00000|100%| E|  |TS 12|AC  0|TAMS 0x0000000785c00000, 0x0000000785c00000|
|  93|0x0000000785d00000, 0x0000000785e00000, 0x0000000785e00000|100%| E|  |TS 12|AC  0|TAMS 0x0000000785d00000, 0x0000000785d00000|
|  94|0x0000000785e00000, 0x0000000785f00000, 0x0000000785f00000|100%| E|  |TS 12|AC  0|TAMS 0x0000000785e00000, 0x0000000785e00000|
|  95|0x0000000785f00000, 0x0000000786000000, 0x0000000786000000|100%| E|  |TS 12|AC  0|TAMS 0x0000000785f00000, 0x0000000785f00000|
|  96|0x0000000786000000, 0x0000000786100000, 0x0000000786100000|100%| E|  |TS 12|AC  0|TAMS 0x0000000786000000, 0x0000000786000000|
|  97|0x0000000786100000, 0x0000000786200000, 0x0000000786200000|100%| E|  |TS 12|AC  0|TAMS 0x0000000786100000, 0x0000000786100000|
|  98|0x0000000786200000, 0x0000000786300000, 0x0000000786300000|100%| E|  |TS 12|AC  0|TAMS 0x0000000786200000, 0x0000000786200000|
|  99|0x0000000786300000, 0x0000000786400000, 0x0000000786400000|100%| E|  |TS 12|AC  0|TAMS 0x0000000786300000, 0x0000000786300000|
| 100|0x0000000786400000, 0x0000000786500000, 0x0000000786500000|100%| E|  |TS 12|AC  0|TAMS 0x0000000786400000, 0x0000000786400000|
| 101|0x0000000786500000, 0x0000000786600000, 0x0000000786600000|100%| E|  |TS 12|AC  0|TAMS 0x0000000786500000, 0x0000000786500000|
| 102|0x0000000786600000, 0x0000000786700000, 0x0000000786700000|100%| E|  |TS 12|AC  0|TAMS 0x0000000786600000, 0x0000000786600000|
| 103|0x0000000786700000, 0x0000000786800000, 0x0000000786800000|100%| E|  |TS 12|AC  0|TAMS 0x0000000786700000, 0x0000000786700000|
| 104|0x0000000786800000, 0x0000000786900000, 0x0000000786900000|100%| E|  |TS 12|AC  0|TAMS 0x0000000786800000, 0x0000000786800000|
| 105|0x0000000786900000, 0x0000000786a00000, 0x0000000786a00000|100%| E|  |TS 12|AC  0|TAMS 0x0000000786900000, 0x0000000786900000|
| 106|0x0000000786a00000, 0x0000000786b00000, 0x0000000786b00000|100%| E|  |TS 12|AC  0|TAMS 0x0000000786a00000, 0x0000000786a00000|

Card table byte_map: [0x0000000107056000,0x0000000107256000] byte_map_base: 0x0000000103456000

Marking Bits (Prev, Next): (CMBitMap*) 0x00007f9b8382d098, (CMBitMap*) 0x00007f9b8382d060
 Prev Bits: [0x0000000108456000, 0x0000000109456000)
 Next Bits: [0x0000000107456000, 0x0000000108456000)

Polling page: 0x0000000105fe3000

CodeHeap 'non-profiled nmethods': size=120032Kb used=8289Kb max_used=8296Kb free=111742Kb
 bounds [0x000000011f7d1000, 0x000000011fff1000, 0x0000000126d09000]
CodeHeap 'profiled nmethods': size=120032Kb used=22329Kb max_used=23173Kb free=97702Kb
 bounds [0x0000000118299000, 0x0000000119979000, 0x000000011f7d1000]
CodeHeap 'non-nmethods': size=5696Kb used=1247Kb max_used=1359Kb free=4448Kb
 bounds [0x0000000117d09000, 0x0000000117f79000, 0x0000000118299000]
 total_blobs=15664 nmethods=10359 adapters=560
 compilation: enabled

Compilation events (10 events):
Event: 45272.521 Thread 0x00007f9b83832000 12634       3       org.springframework.context.event.AbstractApplicationEventMulticaster::supportsEvent (43 bytes)
Event: 45272.525 Thread 0x00007f9b83831800 12635       4       java.util.Formatter$Conversion::isGeneral (64 bytes)
Event: 45272.532 Thread 0x00007f9b83831800 nmethod 12635 0x000000011fd12710 code [0x000000011fd12aa0, 0x000000011fd12b18]
Event: 45272.540 Thread 0x00007f9b83832000 nmethod 12634 0x000000011877b090 code [0x000000011877b2e0, 0x000000011877bc68]
Event: 45272.910 Thread 0x00007f9b83830800 12636       4       java.lang.Class::privateGetDeclaredFields (64 bytes)
Event: 45272.925 Thread 0x00007f9b83830800 nmethod 12636 0x000000011fd11f90 code [0x000000011fd12160, 0x000000011fd12528]
Event: 45272.940 Thread 0x00007f9b83832000 12637   !   3       org.apache.catalina.util.LifecycleMBeanBase::unregister (106 bytes)
Event: 45272.949 Thread 0x00007f9b83832000 nmethod 12637 0x0000000118cbd210 code [0x0000000118cbd500, 0x0000000118cbe548]
Event: 45272.949 Thread 0x00007f9b83832000 12638   !   3       java.util.concurrent.ThreadPoolExecutor::interruptIdleWorkers (120 bytes)
Event: 45272.958 Thread 0x00007f9b83832000 nmethod 12638 0x0000000118d05890 code [0x0000000118d05c60, 0x0000000118d076b8]

GC Heap History (10 events):
Event: 23896.856 GC heap after
{Heap after GC invocations=58 (full 9):
 garbage-first heap   total 109568K, used 39456K [0x0000000780000000, 0x00000007c0000000)
  region size 1024K, 3 young (3072K), 3 survivors (3072K)
 Metaspace       used 79646K, capacity 81573K, committed 82252K, reserved 1122304K
  class space    used 8526K, capacity 9291K, committed 9548K, reserved 1048576K
}
Event: 28507.265 GC heap before
{Heap before GC invocations=58 (full 9):
 garbage-first heap   total 109568K, used 90656K [0x0000000780000000, 0x00000007c0000000)
  region size 1024K, 53 young (54272K), 3 survivors (3072K)
 Metaspace       used 79690K, capacity 81637K, committed 82252K, reserved 1122304K
  class space    used 8526K, capacity 9291K, committed 9548K, reserved 1048576K
}
Event: 28507.308 GC heap after
{Heap after GC invocations=59 (full 9):
 garbage-first heap   total 109568K, used 39455K [0x0000000780000000, 0x00000007c0000000)
  region size 1024K, 3 young (3072K), 3 survivors (3072K)
 Metaspace       used 79690K, capacity 81637K, committed 82252K, reserved 1122304K
  class space    used 8526K, capacity 9291K, committed 9548K, reserved 1048576K
}
Event: 32921.033 GC heap before
{Heap before GC invocations=59 (full 9):
 garbage-first heap   total 109568K, used 90655K [0x0000000780000000, 0x00000007c0000000)
  region size 1024K, 53 young (54272K), 3 survivors (3072K)
 Metaspace       used 79796K, capacity 81769K, committed 82508K, reserved 1122304K
  class space    used 8526K, capacity 9291K, committed 9548K, reserved 1048576K
}
Event: 32921.075 GC heap after
{Heap after GC invocations=60 (full 9):
 garbage-first heap   total 109568K, used 39781K [0x0000000780000000, 0x00000007c0000000)
  region size 1024K, 3 young (3072K), 3 survivors (3072K)
 Metaspace       used 79796K, capacity 81769K, committed 82508K, reserved 1122304K
  class space    used 8526K, capacity 9291K, committed 9548K, reserved 1048576K
}
Event: 37613.892 GC heap before
{Heap before GC invocations=60 (full 9):
 garbage-first heap   total 109568K, used 90981K [0x0000000780000000, 0x00000007c0000000)
  region size 1024K, 53 young (54272K), 3 survivors (3072K)
 Metaspace       used 79798K, capacity 81769K, committed 82508K, reserved 1122304K
  class space    used 8526K, capacity 9291K, committed 9548K, reserved 1048576K
}
Event: 37613.934 GC heap after
{Heap after GC invocations=61 (full 9):
 garbage-first heap   total 109568K, used 39439K [0x0000000780000000, 0x00000007c0000000)
  region size 1024K, 3 young (3072K), 3 survivors (3072K)
 Metaspace       used 79798K, capacity 81769K, committed 82508K, reserved 1122304K
  class space    used 8526K, capacity 9291K, committed 9548K, reserved 1048576K
}
Event: 42038.602 GC heap before
{Heap before GC invocations=61 (full 9):
 garbage-first heap   total 109568K, used 90639K [0x0000000780000000, 0x00000007c0000000)
  region size 1024K, 53 young (54272K), 3 survivors (3072K)
 Metaspace       used 79813K, capacity 81770K, committed 82508K, reserved 1122304K
  class space    used 8526K, capacity 9291K, committed 9548K, reserved 1048576K
}
Event: 42038.638 GC heap after
{Heap after GC invocations=62 (full 9):
 garbage-first heap   total 109568K, used 39483K [0x0000000780000000, 0x00000007c0000000)
  region size 1024K, 3 young (3072K), 3 survivors (3072K)
 Metaspace       used 79813K, capacity 81770K, committed 82508K, reserved 1122304K
  class space    used 8526K, capacity 9291K, committed 9548K, reserved 1048576K
}
Event: 45273.028 GC heap before
{Heap before GC invocations=62 (full 9):
 garbage-first heap   total 109568K, used 77371K [0x0000000780000000, 0x00000007c0000000)
  region size 1024K, 41 young (41984K), 3 survivors (3072K)
 Metaspace       used 79828K, capacity 81776K, committed 82508K, reserved 1122304K
  class space    used 8526K, capacity 9293K, committed 9548K, reserved 1048576K
}

Deoptimization events (10 events):
Event: 1313.285 Thread 0x00007f9b89059000 Uncommon trap: reason=array_check action=maybe_recompile pc=0x000000011ff033ac method=java.util.TimSort.binarySort([Ljava/lang/Object;IIILjava/util/Comparator;)V @ 193 c2
Event: 1313.447 Thread 0x00007f9b89059000 Uncommon trap: reason=array_check action=maybe_recompile pc=0x000000011ff033ac method=java.util.TimSort.binarySort([Ljava/lang/Object;IIILjava/util/Comparator;)V @ 193 c2
Event: 1313.498 Thread 0x00007f9b89059000 Uncommon trap: reason=array_check action=maybe_recompile pc=0x000000011ff032f8 method=java.util.TimSort.binarySort([Ljava/lang/Object;IIILjava/util/Comparator;)V @ 215 c2
Event: 1320.153 Thread 0x00007f9b84265800 Uncommon trap: reason=array_check action=maybe_recompile pc=0x000000011ff032f8 method=java.util.TimSort.binarySort([Ljava/lang/Object;IIILjava/util/Comparator;)V @ 215 c2
Event: 1323.071 Thread 0x00007f9b898a3800 Uncommon trap: reason=array_check action=maybe_recompile pc=0x000000011ff37744 method=java.util.TimSort.binarySort([Ljava/lang/Object;IIILjava/util/Comparator;)V @ 183 c2
Event: 1323.085 Thread 0x00007f9b898a3800 Uncommon trap: reason=array_check action=maybe_recompile pc=0x000000011ff37744 method=java.util.TimSort.binarySort([Ljava/lang/Object;IIILjava/util/Comparator;)V @ 183 c2
Event: 1323.096 Thread 0x00007f9b898a3800 Uncommon trap: reason=array_check action=maybe_recompile pc=0x000000011fde7ba0 method=java.util.TimSort.binarySort([Ljava/lang/Object;IIILjava/util/Comparator;)V @ 215 c2
Event: 8806.411 Thread 0x00007f9b898a7000 Uncommon trap: reason=unstable_if action=reinterpret pc=0x000000011ff7cd60 method=org.apache.tomcat.util.net.NioEndpoint$Poller.timeout(IZ)V @ 145 c2
Event: 28919.741 Thread 0x00007f9b84265800 Uncommon trap: reason=unstable_if action=reinterpret pc=0x000000011fd12e18 method=org.springframework.boot.context.properties.source.DefaultPropertyMapper.map(Ljava/lang/String;)[Lorg/springframework/boot/context/properties/source/PropertyMapping; @ 14 c2
Event: 45273.024 Thread 0x00007f9b84f71000 Uncommon trap: reason=unstable_if action=reinterpret pc=0x000000011f8fde04 method=java.lang.ref.SoftReference.get()Ljava/lang/Object; @ 6 c2

Classes redefined (0 events):
No events

Internal exceptions (10 events):
Event: 1313.307 Thread 0x00007f9b89059000 Exception <a 'java/lang/ClassNotFoundException'{0x0000000783efb368}: com/workout/WorkoutTracker/LogoutControllerCustomizer> (0x0000000783efb368) thrown at [/scratch/mesos/slaves/555f5737-a945-4eb0-8d30-afb1fc816afd-S70/frameworks/1735e8a2-a1db-478c-8104-6
Event: 1330.634 Thread 0x00007f9b8a38f000 Exception <a 'java/lang/ClassNotFoundException'{0x0000000784982e68}: com/workout/WorkoutTracker/entity/UserBeanInfo> (0x0000000784982e68) thrown at [/scratch/mesos/slaves/555f5737-a945-4eb0-8d30-afb1fc816afd-S70/frameworks/1735e8a2-a1db-478c-8104-60c8b0af
Event: 1330.635 Thread 0x00007f9b8a38f000 Exception <a 'java/lang/ClassNotFoundException'{0x00000007849866f8}: java/lang/ObjectBeanInfo> (0x00000007849866f8) thrown at [/scratch/mesos/slaves/555f5737-a945-4eb0-8d30-afb1fc816afd-S70/frameworks/1735e8a2-a1db-478c-8104-60c8b0af87dd-0196/executors/5e
Event: 1330.635 Thread 0x00007f9b8a38f000 Exception <a 'java/lang/ClassNotFoundException'{0x000000078498a008}: java/lang/ObjectCustomizer> (0x000000078498a008) thrown at [/scratch/mesos/slaves/555f5737-a945-4eb0-8d30-afb1fc816afd-S70/frameworks/1735e8a2-a1db-478c-8104-60c8b0af87dd-0196/executors/
Event: 1330.637 Thread 0x00007f9b8a38f000 Exception <a 'java/lang/ClassNotFoundException'{0x0000000784998f20}: com/workout/WorkoutTracker/entity/UserCustomizer> (0x0000000784998f20) thrown at [/scratch/mesos/slaves/555f5737-a945-4eb0-8d30-afb1fc816afd-S70/frameworks/1735e8a2-a1db-478c-8104-60c8b0
Event: 9609.870 Thread 0x00007f9b898a3800 Exception <a 'java/lang/ClassNotFoundException'{0x00000007851aa8b8}: java/lang/ObjectCustomizer> (0x00000007851aa8b8) thrown at [/scratch/mesos/slaves/555f5737-a945-4eb0-8d30-afb1fc816afd-S70/frameworks/1735e8a2-a1db-478c-8104-60c8b0af87dd-0196/executors/
Event: 9609.879 Thread 0x00007f9b898a3800 Exception <a 'java/lang/ClassNotFoundException'{0x00000007851b9788}: com/workout/WorkoutTracker/entity/UserCustomizer> (0x00000007851b9788) thrown at [/scratch/mesos/slaves/555f5737-a945-4eb0-8d30-afb1fc816afd-S70/frameworks/1735e8a2-a1db-478c-8104-60c8b0
Event: 45272.807 Thread 0x00007f9b83daf800 Exception <a 'java/lang/InterruptedException'{0x00000007848be180}: sleep interrupted> (0x00000007848be180) thrown at [/scratch/mesos/slaves/555f5737-a945-4eb0-8d30-afb1fc816afd-S70/frameworks/1735e8a2-a1db-478c-8104-60c8b0af87dd-0196/executors/5e9592f9-a1
Event: 45272.939 Thread 0x00007f9b89915000 Exception <a 'java/lang/InterruptedException'{0x0000000784534ca8}: sleep interrupted> (0x0000000784534ca8) thrown at [/scratch/mesos/slaves/555f5737-a945-4eb0-8d30-afb1fc816afd-S70/frameworks/1735e8a2-a1db-478c-8104-60c8b0af87dd-0196/executors/5e9592f9-a1
Event: 45273.024 Thread 0x00007f9b84f71000 Implicit null exception at 0x000000011f8fdd60 to 0x000000011f8fddf2

Events (10 events):
Event: 45272.948 Thread 0x00007f9b84013000 flushing nmethod 0x0000000118681a10
Event: 45272.954 Thread 0x00007f9b84013000 flushing nmethod 0x00000001189f5110
Event: 45272.966 Thread 0x00007f9b84013000 flushing nmethod 0x0000000119197b10
Event: 45272.968 Thread 0x00007f9b84013000 flushing nmethod 0x00000001192b5b90
Event: 45272.968 Thread 0x00007f9b84013000 flushing nmethod 0x00000001192b7910
Event: 45272.973 Thread 0x00007f9b84013000 flushing nmethod 0x000000011957e910
Event: 45273.024 Thread 0x00007f9b84f71000 Uncommon trap: trap_request=0xffffff55 fr.pc=0x000000011f8fde04 relative=0x00000000000000e4
Event: 45273.024 Thread 0x00007f9b84f71000 DEOPT PACKING pc=0x000000011f8fde04 sp=0x000070001127e610
Event: 45273.024 Thread 0x00007f9b84f71000 DEOPT UNPACKING pc=0x0000000117d31325 sp=0x000070001127e560 mode 2
Event: 45273.025 Executing VM operation: G1CollectFull


Dynamic libraries:
0x00007fff3423e000 	/System/Library/Frameworks/Cocoa.framework/Versions/A/Cocoa
0x00007fff404be000 	/System/Library/Frameworks/Security.framework/Versions/A/Security
0x00007fff32e48000 	/System/Library/Frameworks/ApplicationServices.framework/Versions/A/ApplicationServices
0x00007fff6192f000 	/usr/lib/libz.1.dylib
0x00007fff5efa5000 	/usr/lib/libSystem.B.dylib
0x00007fff34a60000 	/System/Library/Frameworks/CoreFoundation.framework/Versions/A/CoreFoundation
0x00007fff36ddf000 	/System/Library/Frameworks/Foundation.framework/Versions/C/Foundation
0x00007fff60a4c000 	/usr/lib/libobjc.A.dylib
0x00007fff31fd7000 	/System/Library/Frameworks/AppKit.framework/Versions/C/AppKit
0x00007fff345d5000 	/System/Library/Frameworks/CoreData.framework/Versions/A/CoreData
0x00007fff58197000 	/System/Library/PrivateFrameworks/RemoteViewServices.framework/Versions/A/RemoteViewServices
0x00007fff5cc80000 	/System/Library/PrivateFrameworks/UIFoundation.framework/Versions/A/UIFoundation
0x00007fff5e42c000 	/System/Library/PrivateFrameworks/XCTTargetBootstrap.framework/Versions/A/XCTTargetBootstrap
0x00007fff52cf6000 	/System/Library/PrivateFrameworks/IconServices.framework/Versions/A/IconServices
0x00007fff39684000 	/System/Library/Frameworks/Metal.framework/Versions/A/Metal
0x00007fff49f88000 	/System/Library/PrivateFrameworks/DesktopServicesPriv.framework/Versions/A/DesktopServicesPriv
0x00007fff5fd60000 	/usr/lib/libenergytrace.dylib
0x00007fff5a9f9000 	/System/Library/PrivateFrameworks/SkyLight.framework/Versions/A/SkyLight
0x00007fff34eb1000 	/System/Library/Frameworks/CoreGraphics.framework/Versions/A/CoreGraphics
0x00007fff30d92000 	/System/Library/Frameworks/Accelerate.framework/Versions/A/Accelerate
0x00007fff37565000 	/System/Library/Frameworks/IOSurface.framework/Versions/A/IOSurface
0x00007fff49dea000 	/System/Library/PrivateFrameworks/DFRFoundation.framework/Versions/A/DFRFoundation
0x00007fff3334d000 	/System/Library/Frameworks/AudioToolbox.framework/Versions/A/AudioToolbox
0x00007fff335eb000 	/System/Library/Frameworks/AudioUnit.framework/Versions/A/AudioUnit
0x00007fff49e81000 	/System/Library/PrivateFrameworks/DataDetectorsCore.framework/Versions/A/DataDetectorsCore
0x00007fff33d2a000 	/System/Library/Frameworks/Carbon.framework/Versions/A/Frameworks/HIToolbox.framework/Versions/A/HIToolbox
0x00007fff5febb000 	/usr/lib/libicucore.A.dylib
0x00007fff3fa1a000 	/System/Library/Frameworks/QuartzCore.framework/Versions/A/QuartzCore
0x00007fff34111000 	/System/Library/Frameworks/Carbon.framework/Versions/A/Frameworks/SpeechRecognition.framework/Versions/A/SpeechRecognition
0x00007fff5f108000 	/usr/lib/libauto.dylib
0x00007fff61822000 	/usr/lib/libxml2.2.dylib
0x00007fff499ef000 	/System/Library/PrivateFrameworks/CoreUI.framework/Versions/A/CoreUI
0x00007fff344b3000 	/System/Library/Frameworks/CoreAudio.framework/Versions/A/CoreAudio
0x00007fff36c11000 	/System/Library/Frameworks/DiskArbitration.framework/Versions/A/DiskArbitration
0x00007fff6016b000 	/usr/lib/liblangid.dylib
0x00007fff541a0000 	/System/Library/PrivateFrameworks/MultitouchSupport.framework/Versions/A/MultitouchSupport
0x00007fff374d2000 	/System/Library/Frameworks/IOKit.framework/Versions/A/IOKit
0x00007fff5ebf3000 	/usr/lib/libDiagnosticMessagesClient.dylib
0x00007fff35d1c000 	/System/Library/Frameworks/CoreServices.framework/Versions/A/CoreServices
0x00007fff55eca000 	/System/Library/PrivateFrameworks/PerformanceAnalysis.framework/Versions/A/PerformanceAnalysis
0x00007fff3ebaf000 	/System/Library/Frameworks/OpenGL.framework/Versions/A/OpenGL
0x00007fff3424c000 	/System/Library/Frameworks/ColorSync.framework/Versions/A/ColorSync
0x00007fff35540000 	/System/Library/Frameworks/CoreImage.framework/Versions/A/CoreImage
0x00007fff3675a000 	/System/Library/Frameworks/CoreText.framework/Versions/A/CoreText
0x00007fff375c6000 	/System/Library/Frameworks/ImageIO.framework/Versions/A/ImageIO
0x00007fff46065000 	/System/Library/PrivateFrameworks/Backup.framework/Versions/A/Backup
0x00007fff5f05b000 	/usr/lib/libarchive.2.dylib
0x00007fff3394f000 	/System/Library/Frameworks/CFNetwork.framework/Versions/A/CFNetwork
0x00007fff40c67000 	/System/Library/Frameworks/SystemConfiguration.framework/Versions/A/SystemConfiguration
0x00007fff5eb1c000 	/usr/lib/libCRFSuite.dylib
0x00007fff5f200000 	/usr/lib/libc++.1.dylib
0x00007fff5f258000 	/usr/lib/libc++abi.dylib
0x00007fff619b2000 	/usr/lib/system/libcache.dylib
0x00007fff619b7000 	/usr/lib/system/libcommonCrypto.dylib
0x00007fff619c2000 	/usr/lib/system/libcompiler_rt.dylib
0x00007fff619ca000 	/usr/lib/system/libcopyfile.dylib
0x00007fff619d4000 	/usr/lib/system/libcorecrypto.dylib
0x00007fff61ade000 	/usr/lib/system/libdispatch.dylib
0x00007fff61b19000 	/usr/lib/system/libdyld.dylib
0x00007fff61b49000 	/usr/lib/system/libkeymgr.dylib
0x00007fff61b57000 	/usr/lib/system/liblaunch.dylib
0x00007fff61b58000 	/usr/lib/system/libmacho.dylib
0x00007fff61b5e000 	/usr/lib/system/libquarantine.dylib
0x00007fff61b61000 	/usr/lib/system/libremovefile.dylib
0x00007fff61b63000 	/usr/lib/system/libsystem_asl.dylib
0x00007fff61b7b000 	/usr/lib/system/libsystem_blocks.dylib
0x00007fff61b7c000 	/usr/lib/system/libsystem_c.dylib
0x00007fff61c05000 	/usr/lib/system/libsystem_configuration.dylib
0x00007fff61c09000 	/usr/lib/system/libsystem_coreservices.dylib
0x00007fff61c0d000 	/usr/lib/system/libsystem_darwin.dylib
0x00007fff61c14000 	/usr/lib/system/libsystem_dnssd.dylib
0x00007fff61c1b000 	/usr/lib/system/libsystem_info.dylib
0x00007fff61c90000 	/usr/lib/system/libsystem_m.dylib
0x00007fff61cdc000 	/usr/lib/system/libsystem_malloc.dylib
0x00007fff61d01000 	/usr/lib/system/libsystem_networkextension.dylib
0x00007fff61d0d000 	/usr/lib/system/libsystem_notify.dylib
0x00007fff61d2a000 	/usr/lib/system/libsystem_sandbox.dylib
0x00007fff61d2e000 	/usr/lib/system/libsystem_secinit.dylib
0x00007fff61c68000 	/usr/lib/system/libsystem_kernel.dylib
0x00007fff61d15000 	/usr/lib/system/libsystem_platform.dylib
0x00007fff61d1f000 	/usr/lib/system/libsystem_pthread.dylib
0x00007fff61d31000 	/usr/lib/system/libsystem_symptoms.dylib
0x00007fff61d39000 	/usr/lib/system/libsystem_trace.dylib
0x00007fff61d50000 	/usr/lib/system/libunwind.dylib
0x00007fff61d56000 	/usr/lib/system/libxpc.dylib
0x00007fff5f1e0000 	/usr/lib/libbsm.0.dylib
0x00007fff61b4a000 	/usr/lib/system/libkxld.dylib
0x00007fff45321000 	/System/Library/PrivateFrameworks/AppleFSCompression.framework/Versions/A/AppleFSCompression
0x00007fff5ee64000 	/usr/lib/libOpenScriptingUtil.dylib
0x00007fff5f543000 	/usr/lib/libcoretls.dylib
0x00007fff5f55a000 	/usr/lib/libcoretls_cfhelpers.dylib
0x00007fff611e5000 	/usr/lib/libpam.2.dylib
0x00007fff613a8000 	/usr/lib/libsqlite3.dylib
0x00007fff61810000 	/usr/lib/libxar.1.dylib
0x00007fff5f1f1000 	/usr/lib/libbz2.1.0.dylib
0x00007fff6016d000 	/usr/lib/liblzma.5.dylib
0x00007fff60663000 	/usr/lib/libnetwork.dylib
0x00007fff5f044000 	/usr/lib/libapple_nghttp2.dylib
0x00007fff611ec000 	/usr/lib/libpcap.A.dylib
0x00007fff360c0000 	/System/Library/Frameworks/CoreServices.framework/Versions/A/Frameworks/FSEvents.framework/Versions/A/FSEvents
0x00007fff35d9c000 	/System/Library/Frameworks/CoreServices.framework/Versions/A/Frameworks/CarbonCore.framework/Versions/A/CarbonCore
0x00007fff36295000 	/System/Library/Frameworks/CoreServices.framework/Versions/A/Frameworks/Metadata.framework/Versions/A/Metadata
0x00007fff36338000 	/System/Library/Frameworks/CoreServices.framework/Versions/A/Frameworks/OSServices.framework/Versions/A/OSServices
0x00007fff36384000 	/System/Library/Frameworks/CoreServices.framework/Versions/A/Frameworks/SearchKit.framework/Versions/A/SearchKit
0x00007fff35d1d000 	/System/Library/Frameworks/CoreServices.framework/Versions/A/Frameworks/AE.framework/Versions/A/AE
0x00007fff360c9000 	/System/Library/Frameworks/CoreServices.framework/Versions/A/Frameworks/LaunchServices.framework/Versions/A/LaunchServices
0x00007fff36075000 	/System/Library/Frameworks/CoreServices.framework/Versions/A/Frameworks/DictionaryServices.framework/Versions/A/DictionaryServices
0x00007fff363f3000 	/System/Library/Frameworks/CoreServices.framework/Versions/A/Frameworks/SharedFileList.framework/Versions/A/SharedFileList
0x00007fff3ab3f000 	/System/Library/Frameworks/NetFS.framework/Versions/A/NetFS
0x00007fff5443c000 	/System/Library/PrivateFrameworks/NetAuth.framework/Versions/A/NetAuth
0x00007fff5e860000 	/System/Library/PrivateFrameworks/login.framework/Versions/A/Frameworks/loginsupport.framework/Versions/A/loginsupport
0x00007fff5c87c000 	/System/Library/PrivateFrameworks/TCC.framework/Versions/A/TCC
0x00007fff49017000 	/System/Library/PrivateFrameworks/CoreNLP.framework/Versions/A/CoreNLP
0x00007fff53e92000 	/System/Library/PrivateFrameworks/MetadataUtilities.framework/Versions/A/MetadataUtilities
0x00007fff6024e000 	/usr/lib/libmecabra.dylib
0x00007fff32e49000 	/System/Library/Frameworks/ApplicationServices.framework/Versions/A/Frameworks/ATS.framework/Versions/A/ATS
0x00007fff331b4000 	/System/Library/Frameworks/ApplicationServices.framework/Versions/A/Frameworks/ColorSyncLegacy.framework/Versions/A/ColorSyncLegacy
0x00007fff33255000 	/System/Library/Frameworks/ApplicationServices.framework/Versions/A/Frameworks/HIServices.framework/Versions/A/HIServices
0x00007fff332a8000 	/System/Library/Frameworks/ApplicationServices.framework/Versions/A/Frameworks/LangAnalysis.framework/Versions/A/LangAnalysis
0x00007fff332b7000 	/System/Library/Frameworks/ApplicationServices.framework/Versions/A/Frameworks/PrintCore.framework/Versions/A/PrintCore
0x00007fff33304000 	/System/Library/Frameworks/ApplicationServices.framework/Versions/A/Frameworks/QD.framework/Versions/A/QD
0x00007fff33340000 	/System/Library/Frameworks/ApplicationServices.framework/Versions/A/Frameworks/SpeechSynthesis.framework/Versions/A/SpeechSynthesis
0x00007fff5f280000 	/usr/lib/libcompression.dylib
0x00007fff34976000 	/System/Library/Frameworks/CoreDisplay.framework/Versions/A/CoreDisplay
0x00007fff39940000 	/System/Library/Frameworks/MetalPerformanceShaders.framework/Versions/A/MetalPerformanceShaders
0x00007fff30daa000 	/System/Library/Frameworks/Accelerate.framework/Versions/A/Frameworks/vImage.framework/Versions/A/vImage
0x00007fff31e26000 	/System/Library/Frameworks/Accelerate.framework/Versions/A/Frameworks/vecLib.framework/Versions/A/vecLib
0x00007fff31d70000 	/System/Library/Frameworks/Accelerate.framework/Versions/A/Frameworks/vecLib.framework/Versions/A/libvMisc.dylib
0x00007fff31b8b000 	/System/Library/Frameworks/Accelerate.framework/Versions/A/Frameworks/vecLib.framework/Versions/A/libvDSP.dylib
0x00007fff3144b000 	/System/Library/Frameworks/Accelerate.framework/Versions/A/Frameworks/vecLib.framework/Versions/A/libBLAS.dylib
0x00007fff31736000 	/System/Library/Frameworks/Accelerate.framework/Versions/A/Frameworks/vecLib.framework/Versions/A/libLAPACK.dylib
0x00007fff31add000 	/System/Library/Frameworks/Accelerate.framework/Versions/A/Frameworks/vecLib.framework/Versions/A/libLinearAlgebra.dylib
0x00007fff31b77000 	/System/Library/Frameworks/Accelerate.framework/Versions/A/Frameworks/vecLib.framework/Versions/A/libSparseBLAS.dylib
0x00007fff31af3000 	/System/Library/Frameworks/Accelerate.framework/Versions/A/Frameworks/vecLib.framework/Versions/A/libQuadrature.dylib
0x00007fff316c3000 	/System/Library/Frameworks/Accelerate.framework/Versions/A/Frameworks/vecLib.framework/Versions/A/libBNNS.dylib
0x00007fff31af9000 	/System/Library/Frameworks/Accelerate.framework/Versions/A/Frameworks/vecLib.framework/Versions/A/libSparse.dylib
0x00007fff50515000 	/System/Library/PrivateFrameworks/GPUWrangler.framework/Versions/A/GPUWrangler
0x00007fff528bf000 	/System/Library/PrivateFrameworks/IOAccelerator.framework/Versions/A/IOAccelerator
0x00007fff528ca000 	/System/Library/PrivateFrameworks/IOPresentment.framework/Versions/A/IOPresentment
0x00007fff49dfa000 	/System/Library/PrivateFrameworks/DSExternalDisplay.framework/Versions/A/DSExternalDisplay
0x00007fff3dff4000 	/System/Library/Frameworks/OpenGL.framework/Versions/A/Libraries/libCoreFSCache.dylib
0x00007fff39734000 	/System/Library/Frameworks/MetalPerformanceShaders.framework/Frameworks/MPSCore.framework/Versions/A/MPSCore
0x00007fff39755000 	/System/Library/Frameworks/MetalPerformanceShaders.framework/Frameworks/MPSImage.framework/Versions/A/MPSImage
0x00007fff397fc000 	/System/Library/Frameworks/MetalPerformanceShaders.framework/Frameworks/MPSNeuralNetwork.framework/Versions/A/MPSNeuralNetwork
0x00007fff397d3000 	/System/Library/Frameworks/MetalPerformanceShaders.framework/Frameworks/MPSMatrix.framework/Versions/A/MPSMatrix
0x00007fff39924000 	/System/Library/Frameworks/MetalPerformanceShaders.framework/Frameworks/MPSRayIntersector.framework/Versions/A/MPSRayIntersector
0x00007fff53ebb000 	/System/Library/PrivateFrameworks/MetalTools.framework/Versions/A/MetalTools
0x00007fff44a1d000 	/System/Library/PrivateFrameworks/AggregateDictionary.framework/Versions/A/AggregateDictionary
0x00007fff5ee44000 	/usr/lib/libMobileGestalt.dylib
0x00007fff368c0000 	/System/Library/Frameworks/CoreVideo.framework/Versions/A/CoreVideo
0x00007fff51379000 	/System/Library/PrivateFrameworks/GraphVisualizer.framework/Versions/A/GraphVisualizer
0x00007fff4b125000 	/System/Library/PrivateFrameworks/FaceCore.framework/Versions/A/FaceCore
0x00007fff3d60b000 	/System/Library/Frameworks/OpenCL.framework/Versions/A/OpenCL
0x00007fff5ec2b000 	/usr/lib/libFosl_dynamic.dylib
0x00007fff54d11000 	/System/Library/PrivateFrameworks/OTSVG.framework/Versions/A/OTSVG
0x00007fff32f4d000 	/System/Library/Frameworks/ApplicationServices.framework/Versions/A/Frameworks/ATS.framework/Versions/A/Resources/libFontParser.dylib
0x00007fff3306d000 	/System/Library/Frameworks/ApplicationServices.framework/Versions/A/Frameworks/ATS.framework/Versions/A/Resources/libFontRegistry.dylib
0x00007fff37846000 	/System/Library/Frameworks/ImageIO.framework/Versions/A/Resources/libJPEG.dylib
0x00007fff37b68000 	/System/Library/Frameworks/ImageIO.framework/Versions/A/Resources/libTIFF.dylib
0x00007fff37b3e000 	/System/Library/Frameworks/ImageIO.framework/Versions/A/Resources/libPng.dylib
0x00007fff3775b000 	/System/Library/Frameworks/ImageIO.framework/Versions/A/Resources/libGIF.dylib
0x00007fff37760000 	/System/Library/Frameworks/ImageIO.framework/Versions/A/Resources/libJP2.dylib
0x00007fff37b65000 	/System/Library/Frameworks/ImageIO.framework/Versions/A/Resources/libRadiance.dylib
0x00007fff4547a000 	/System/Library/PrivateFrameworks/AppleJPEG.framework/Versions/A/AppleJPEG
0x00007fff3dfff000 	/System/Library/Frameworks/OpenGL.framework/Versions/A/Libraries/libGFXShared.dylib
0x00007fff3e1c2000 	/System/Library/Frameworks/OpenGL.framework/Versions/A/Libraries/libGLU.dylib
0x00007fff3e008000 	/System/Library/Frameworks/OpenGL.framework/Versions/A/Libraries/libGL.dylib
0x00007fff3e014000 	/System/Library/Frameworks/OpenGL.framework/Versions/A/Libraries/libGLImage.dylib
0x00007fff3dff1000 	/System/Library/Frameworks/OpenGL.framework/Versions/A/Libraries/libCVMSPluginSupport.dylib
0x00007fff3dffa000 	/System/Library/Frameworks/OpenGL.framework/Versions/A/Libraries/libCoreVMClient.dylib
0x00007fff5fbd2000 	/usr/lib/libcups.2.dylib
0x00007fff38c4c000 	/System/Library/Frameworks/Kerberos.framework/Versions/A/Kerberos
0x00007fff3721e000 	/System/Library/Frameworks/GSS.framework/Versions/A/GSS
0x00007fff6133c000 	/usr/lib/libresolv.9.dylib
0x00007fff5fdc9000 	/usr/lib/libiconv.2.dylib
0x00007fff5146f000 	/System/Library/PrivateFrameworks/Heimdal.framework/Versions/A/Heimdal
0x00007fff5fd98000 	/usr/lib/libheimdal-asn1.dylib
0x00007fff3d682000 	/System/Library/Frameworks/OpenDirectory.framework/Versions/A/OpenDirectory
0x00007fff47d28000 	/System/Library/PrivateFrameworks/CommonAuth.framework/Versions/A/CommonAuth
0x00007fff3d665000 	/System/Library/Frameworks/OpenDirectory.framework/Versions/A/Frameworks/CFOpenDirectory.framework/Versions/A/CFOpenDirectory
0x00007fff407e5000 	/System/Library/Frameworks/SecurityFoundation.framework/Versions/A/SecurityFoundation
0x00007fff43f3c000 	/System/Library/PrivateFrameworks/APFS.framework/Versions/A/APFS
0x00007fff6180c000 	/usr/lib/libutil.dylib
0x00007fff5f26e000 	/usr/lib/libcharset.1.dylib
0x00007fff45713000 	/System/Library/PrivateFrameworks/AppleSauce.framework/Versions/A/AppleSauce
0x00007fff458a1000 	/System/Library/PrivateFrameworks/AssertionServices.framework/Versions/A/AssertionServices
0x00007fff46108000 	/System/Library/PrivateFrameworks/BaseBoard.framework/Versions/A/BaseBoard
0x00007fff6019d000 	/usr/lib/libmecab.1.0.0.dylib
0x00007fff5fd92000 	/usr/lib/libgermantok.dylib
0x00007fff5f030000 	/usr/lib/libThaiTokenizer.dylib
0x00007fff5eb57000 	/usr/lib/libChineseTokenizer.dylib
0x00007fff52ff2000 	/System/Library/PrivateFrameworks/LanguageModeling.framework/Versions/A/LanguageModeling
0x00007fff48a2e000 	/System/Library/PrivateFrameworks/CoreEmoji.framework/Versions/A/CoreEmoji
0x00007fff530ea000 	/System/Library/PrivateFrameworks/Lexicon.framework/Versions/A/Lexicon
0x00007fff53132000 	/System/Library/PrivateFrameworks/LinguisticData.framework/Versions/A/LinguisticData
0x00007fff5f26f000 	/usr/lib/libcmph.dylib
0x00007fff408a6000 	/System/Library/Frameworks/ServiceManagement.framework/Versions/A/ServiceManagement
0x00007fff4605b000 	/System/Library/PrivateFrameworks/BackgroundTaskManagement.framework/Versions/A/BackgroundTaskManagement
0x00007fff61906000 	/usr/lib/libxslt.1.dylib
0x00007fff3403c000 	/System/Library/Frameworks/Carbon.framework/Versions/A/Frameworks/Ink.framework/Versions/A/Ink
0x00007fff5caf8000 	/System/Library/PrivateFrameworks/TextureIO.framework/Versions/A/TextureIO
0x00007fff5f085000 	/usr/lib/libate.dylib
0x00007fff49d56000 	/System/Library/PrivateFrameworks/CrashReporterSupport.framework/Versions/A/CrashReporterSupport
0x00007fff59b28000 	/System/Library/PrivateFrameworks/Sharing.framework/Versions/A/Sharing
0x00007fff45be7000 	/System/Library/PrivateFrameworks/AuthKit.framework/Versions/A/AuthKit
0x00007fff45019000 	/System/Library/PrivateFrameworks/Apple80211.framework/Versions/A/Apple80211
0x00007fff49b1c000 	/System/Library/PrivateFrameworks/CoreUtils.framework/Versions/A/CoreUtils
0x00007fff368fe000 	/System/Library/Frameworks/CoreWLAN.framework/Versions/A/CoreWLAN
0x00007fff37367000 	/System/Library/Frameworks/IOBluetooth.framework/Versions/A/IOBluetooth
0x00007fff57e92000 	/System/Library/PrivateFrameworks/ProtocolBuffer.framework/Versions/A/ProtocolBuffer
0x00007fff540f7000 	/System/Library/PrivateFrameworks/MobileKeyBag.framework/Versions/A/MobileKeyBag
0x00007fff49344000 	/System/Library/PrivateFrameworks/CorePhoneNumbers.framework/Versions/A/CorePhoneNumbers
0x00007fff4542e000 	/System/Library/PrivateFrameworks/AppleIDAuthSupport.framework/Versions/A/AppleIDAuthSupport
0x00007fff52fc4000 	/System/Library/PrivateFrameworks/KeychainCircle.framework/Versions/A/KeychainCircle
0x00007fff5805f000 	/System/Library/PrivateFrameworks/ROCKit.framework/Versions/A/ROCKit
0x00007fff49cf2000 	/System/Library/PrivateFrameworks/CoreWiFi.framework/Versions/A/CoreWiFi
0x00007fff345a9000 	/System/Library/Frameworks/CoreBluetooth.framework/Versions/A/CoreBluetooth
0x00007fff49f46000 	/System/Library/PrivateFrameworks/DebugSymbols.framework/Versions/A/DebugSymbols
0x00007fff498d1000 	/System/Library/PrivateFrameworks/CoreSymbolication.framework/Versions/A/CoreSymbolication
0x00007fff5c2e6000 	/System/Library/PrivateFrameworks/Symbolication.framework/Versions/A/Symbolication
0x00007fff5b478000 	/System/Library/PrivateFrameworks/SpeechRecognitionCore.framework/Versions/A/SpeechRecognitionCore
0x0000000105235000 	/Library/Java/JavaVirtualMachines/jdk-10.0.1.jdk/Contents/Home/lib/server/libjvm.dylib
0x00007fff616d0000 	/usr/lib/libstdc++.6.dylib
0x0000000105fd5000 	/Library/Java/JavaVirtualMachines/jdk-10.0.1.jdk/Contents/Home/lib/libverify.dylib
0x0000000106800000 	/Library/Java/JavaVirtualMachines/jdk-10.0.1.jdk/Contents/Home/lib/libjava.dylib
0x0000000105fed000 	/Library/Java/JavaVirtualMachines/jdk-10.0.1.jdk/Contents/Home/lib/libzip.dylib
0x0000000105ff5000 	/Library/Java/JavaVirtualMachines/jdk-10.0.1.jdk/Contents/Home/lib/libjimage.dylib
0x000000010c1bf000 	/Library/Java/JavaVirtualMachines/jdk-10.0.1.jdk/Contents/Home/lib/libnio.dylib
0x000000010c1cf000 	/Library/Java/JavaVirtualMachines/jdk-10.0.1.jdk/Contents/Home/lib/./libnet.dylib
0x000000010c84a000 	/Library/Java/JavaVirtualMachines/jdk-10.0.1.jdk/Contents/Home/lib/libmanagement.dylib
0x000000010c84f000 	/Library/Java/JavaVirtualMachines/jdk-10.0.1.jdk/Contents/Home/lib/libmanagement_ext.dylib


VM Arguments:
jvm_args: -Dfile.encoding=UTF-8 
java_command: com.workout.WorkoutTracker.WorkoutTrackerApplication
java_class_path (initial): /Users/matthewrhadigan/Downloads/WorkoutTracker/target/classes:/Users/matthewrhadigan/.m2/repository/org/springframework/boot/spring-boot-starter-data-jpa/2.0.5.RELEASE/spring-boot-starter-data-jpa-2.0.5.RELEASE.jar:/Users/matthewrhadigan/.m2/repository/org/springframework/boot/spring-boot-starter/2.0.5.RELEASE/spring-boot-starter-2.0.5.RELEASE.jar:/Users/matthewrhadigan/.m2/repository/org/springframework/boot/spring-boot-starter-logging/2.0.5.RELEASE/spring-boot-starter-logging-2.0.5.RELEASE.jar:/Users/matthewrhadigan/.m2/repository/ch/qos/logback/logback-classic/1.2.3/logback-classic-1.2.3.jar:/Users/matthewrhadigan/.m2/repository/ch/qos/logback/logback-core/1.2.3/logback-core-1.2.3.jar:/Users/matthewrhadigan/.m2/repository/org/apache/logging/log4j/log4j-to-slf4j/2.10.0/log4j-to-slf4j-2.10.0.jar:/Users/matthewrhadigan/.m2/repository/org/apache/logging/log4j/log4j-api/2.10.0/log4j-api-2.10.0.jar:/Users/matthewrhadigan/.m2/repository/org/slf4j/jul-to-slf4j/1.7.25/jul-to-slf4j-1.7.25.jar:/Users/matthewrhadigan/.m2/repository/org/yaml/snakeyaml/1.19/snakeyaml-1.19.jar:/Users/matthewrhadigan/.m2/repository/org/springframework/boot/spring-boot-starter-aop/2.0.5.RELEASE/spring-boot-starter-aop-2.0.5.RELEASE.jar:/Users/matthewrhadigan/.m2/repository/org/springframework/spring-aop/5.0.9.RELEASE/spring-aop-5.0.9.RELEASE.jar:/Users/matthewrhadigan/.m2/repository/org/aspectj/aspectjweaver/1.8.13/aspectjweaver-1.8.13.jar:/Users/matthewrhadigan/.m2/repository/javax/transaction/javax.transaction-api/1.2/javax.transaction-api-1.2.jar:/Users/matthewrhadigan/.m2/repository/org/hibernate/hibernate-core/5.2.17.Final/hibernate-core-5.2.17.Final.jar:/Users/matthewrhadigan/.m2/repository/org/jboss/logging/jboss-logging/3.3.2.Final/jboss-logging-3.3.2.Final.jar:/Users/matthewrhadigan/.m2/repository/org/hibernate/javax/persistence/hibernate-jpa-2.1-api/1.0.2.Final/hibernate-jpa-2.1-api-1.0.2.Final.jar:/Users/matthewrhadigan/.m2/repository/org/javassist/javassi
Launcher Type: SUN_STANDARD

Logging:
Log output configuration:
#0: stdout all=warning uptime,level,tags
#1: stderr all=off uptime,level,tags

Environment Variables:
PATH=/usr/bin:/bin:/usr/sbin:/sbin
SHELL=/bin/bash

Signal Handlers:
SIGSEGV: [libjvm.dylib+0x79ac14], sa_mask[0]=11111111011111110111111111111111, sa_flags=SA_ONSTACK|SA_RESTART|SA_SIGINFO
SIGBUS: [libjvm.dylib+0x79ac14], sa_mask[0]=11111111011111110111111111111111, sa_flags=SA_RESTART|SA_SIGINFO
SIGFPE: [libjvm.dylib+0x79ac14], sa_mask[0]=11111111011111110111111111111111, sa_flags=SA_RESTART|SA_SIGINFO
SIGPIPE: [libjvm.dylib+0x635960], sa_mask[0]=11111111011111110111111111111111, sa_flags=SA_RESTART|SA_SIGINFO
SIGXFSZ: [libjvm.dylib+0x635960], sa_mask[0]=11111111011111110111111111111111, sa_flags=SA_RESTART|SA_SIGINFO
SIGILL: [libjvm.dylib+0x79ac14], sa_mask[0]=11111111011111110111111111111111, sa_flags=SA_RESTART|SA_SIGINFO
SIGUSR2: [libjvm.dylib+0x6361f0], sa_mask[0]=00100000000000000000000000000000, sa_flags=SA_RESTART|SA_SIGINFO
SIGHUP: [libjvm.dylib+0x6349db], sa_mask[0]=11111111011111110111111111111111, sa_flags=SA_RESTART|SA_SIGINFO
SIGINT: [libjvm.dylib+0x6349db], sa_mask[0]=11111111011111110111111111111111, sa_flags=SA_RESTART|SA_SIGINFO
SIGTERM: [libjvm.dylib+0x6349db], sa_mask[0]=11111111011111110111111111111111, sa_flags=SA_RESTART|SA_SIGINFO
SIGQUIT: [libjvm.dylib+0x6349db], sa_mask[0]=11111111011111110111111111111111, sa_flags=SA_RESTART|SA_SIGINFO


---------------  S Y S T E M  ---------------

OS:uname:Darwin 18.0.0 Darwin Kernel Version 18.0.0: Wed Aug 22 20:13:40 PDT 2018; root:xnu-4903.201.2~1/RELEASE_X86_64 x86_64
rlimit: STACK 8192k, CORE 0k, NPROC 709, NOFILE 10240, AS infinity, DATA infinity, FSIZE infinity
load average:4.20 4.22 3.87

CPU:total 4 (initial active 4) (2 cores per cpu, 2 threads per core) family 6 model 61 stepping 4, cmov, cx8, fxsr, mmx, sse, sse2, sse3, ssse3, sse4.1, sse4.2, popcnt, avx, avx2, aes, clmul, erms, 3dnowpref, lzcnt, ht, tsc, tscinvbit, bmi1, bmi2, adx, fma

Memory: 4k page, physical 4194304k(32608k free)

vm_info: Java HotSpot(TM) 64-Bit Server VM (10.0.1+10) for bsd-amd64 JRE (10.0.1+10), built on Mar 27 2018 01:13:17 by "mach5one" with gcc 4.2.1 Compatible Apple LLVM 6.1.0 (clang-602.0.49)

END.
